2026-04-25 01:33:12  INFO      Loaded configuration from config.ini
2026-04-25 01:33:12  INFO      Reading spreadsheet: medicines.xlsx  (sheet: 0)
2026-04-25 01:33:12  INFO      Spreadsheet loaded – 5 row(s) found.
2026-04-25 01:33:12  INFO      DRY RUN – no data will be written to the database.
2026-04-25 01:33:12  INFO      Columns detected: ['name', 'generic_name', 'brand_name', 'manufacturer', 'category', 'dosage_form', 'strength', 'unit_price', 'stock_quantity', 'expiry_date', 'description', 'side_effects', 'contraindications', 'storage_conditions']
2026-04-25 01:33:12  INFO      First 5 rows:
                name  generic_name  brand_name manufacturer      category dosage_form strength unit_price stock_quantity expiry_date                                          description                              side_effects                contraindications           storage_conditions
0  Paracetamol 500mg   Paracetamol     Panadol          GSK     Analgesic      Tablet   500 mg       0.05           1000  2027-06-30            Used for pain relief and fever reduction.                       Nausea, rash (rare)             Severe liver disease  Store below 25°C, dry place
1  Amoxicillin 250mg   Amoxicillin      Amoxil       Pfizer    Antibiotic     Capsule   250 mg       0.25            500  2026-12-31  Broad-spectrum antibiotic for bacterial infections.         Diarrhea, rash, allergic reaction               Penicillin allergy  Store below 25°C, dry place
2    Ibuprofen 400mg     Ibuprofen      Brufen       Abbott         NSAID      Tablet   400 mg        0.1            750  2027-03-31       Anti-inflammatory, analgesic, and antipyretic.                  Stomach upset, heartburn   Peptic ulcer, renal impairment             Store below 30°C
3    Metformin 500mg     Metformin  Glucophage        Merck  Antidiabetic      Tablet   500 mg       0.15            600  2028-01-31            First-line treatment for type 2 diabetes.  Nausea, diarrhea, vitamin B12 deficiency  Renal impairment, liver disease             Store below 25°C
4  Atorvastatin 10mg  Atorvastatin     Lipitor       Pfizer        Statin      Tablet    10 mg        0.5            300  2027-09-30                Lowers cholesterol and triglycerides.       Muscle pain, liver enzyme elevation         Liver disease, pregnancy             Store below 25°C
2026-04-25 01:33:12  INFO      Loaded configuration from config.ini
2026-04-25 01:33:12  INFO      Reading spreadsheet: medicines.xlsx  (sheet: 0)
2026-04-25 01:33:12  INFO      Spreadsheet loaded – 5 row(s) found.
2026-04-25 01:33:12  INFO      Connecting to database …
2026-04-25 01:33:12  INFO      Table 'medicines' ready.
2026-04-25 01:33:12  INFO      Existing medicines in DB: 0
2026-04-25 01:33:12  INFO      Row 2: inserted – 'Paracetamol 500mg'
2026-04-25 01:33:12  INFO      Row 3: inserted – 'Amoxicillin 250mg'
2026-04-25 01:33:12  INFO      Row 4: inserted – 'Ibuprofen 400mg'
2026-04-25 01:33:12  INFO      Row 5: inserted – 'Metformin 500mg'
2026-04-25 01:33:12  INFO      Row 6: inserted – 'Atorvastatin 10mg'
2026-04-25 01:33:13  INFO      Loaded configuration from config.ini
2026-04-25 01:33:13  INFO      Reading spreadsheet: medicines.xlsx  (sheet: 0)
2026-04-25 01:33:13  INFO      Spreadsheet loaded – 5 row(s) found.
2026-04-25 01:33:13  INFO      Connecting to database …
2026-04-25 01:33:13  INFO      Table 'medicines' ready.
2026-04-25 01:33:13  INFO      Existing medicines in DB: 5
2026-04-25 01:33:13  INFO      Row 2: skipped duplicate – 'Paracetamol 500mg'
2026-04-25 01:33:13  INFO      Row 3: skipped duplicate – 'Amoxicillin 250mg'
2026-04-25 01:33:13  INFO      Row 4: skipped duplicate – 'Ibuprofen 400mg'
2026-04-25 01:33:13  INFO      Row 5: skipped duplicate – 'Metformin 500mg'
2026-04-25 01:33:13  INFO      Row 6: skipped duplicate – 'Atorvastatin 10mg'
